CRITICAL - 2026-05-10 20:40:53 --> Invalid file: users/edit.php
in SYSTEMPATH\Exceptions\FrameworkException.php on line 33.
 1 SYSTEMPATH\View\View.php(201): CodeIgniter\Exceptions\FrameworkException::forInvalidFile('users/edit.php')
 2 SYSTEMPATH\Common.php(1134): CodeIgniter\View\View->render('users/edit', [], true)
 3 APPPATH\Controllers\Users.php(60): view('users/edit', [...])
 4 SYSTEMPATH\CodeIgniter.php(927): App\Controllers\Users->edit('1')
 5 SYSTEMPATH\CodeIgniter.php(482): CodeIgniter\CodeIgniter->runController(Object(App\Controllers\Users))
 6 SYSTEMPATH\CodeIgniter.php(351): CodeIgniter\CodeIgniter->handleRequest(null, Object(Config\Cache), false)
 7 FCPATH\index.php(67): CodeIgniter\CodeIgniter->run()
 8 SYSTEMPATH\Commands\Server\rewrite.php(46): require_once('FCPATH\\index.php')
CRITICAL - 2026-05-10 20:52:30 --> Invalid file: users/edit.php
in SYSTEMPATH\Exceptions\FrameworkException.php on line 33.
 1 SYSTEMPATH\View\View.php(201): CodeIgniter\Exceptions\FrameworkException::forInvalidFile('users/edit.php')
 2 SYSTEMPATH\Common.php(1134): CodeIgniter\View\View->render('users/edit', [], true)
 3 APPPATH\Controllers\Users.php(60): view('users/edit', [...])
 4 SYSTEMPATH\CodeIgniter.php(927): App\Controllers\Users->edit('11')
 5 SYSTEMPATH\CodeIgniter.php(482): CodeIgniter\CodeIgniter->runController(Object(App\Controllers\Users))
 6 SYSTEMPATH\CodeIgniter.php(351): CodeIgniter\CodeIgniter->handleRequest(null, Object(Config\Cache), false)
 7 FCPATH\index.php(67): CodeIgniter\CodeIgniter->run()
 8 SYSTEMPATH\Commands\Server\rewrite.php(46): require_once('FCPATH\\index.php')
CRITICAL - 2026-05-10 21:22:38 --> Invalid file: budgets/edit.php
in SYSTEMPATH\Exceptions\FrameworkException.php on line 33.
 1 SYSTEMPATH\View\View.php(201): CodeIgniter\Exceptions\FrameworkException::forInvalidFile('budgets/edit.php')
 2 SYSTEMPATH\Common.php(1134): CodeIgniter\View\View->render('budgets/edit', [], true)
 3 APPPATH\Controllers\Budgets.php(59): view('budgets/edit', [...])
 4 SYSTEMPATH\CodeIgniter.php(927): App\Controllers\Budgets->edit('2')
 5 SYSTEMPATH\CodeIgniter.php(482): CodeIgniter\CodeIgniter->runController(Object(App\Controllers\Budgets))
 6 SYSTEMPATH\CodeIgniter.php(351): CodeIgniter\CodeIgniter->handleRequest(null, Object(Config\Cache), false)
 7 FCPATH\index.php(67): CodeIgniter\CodeIgniter->run()
 8 SYSTEMPATH\Commands\Server\rewrite.php(46): require_once('FCPATH\\index.php')
